<?xml version="1.0" encoding="UTF-8"?>
<!-- Generated by org.testng.reporters.JUnitXMLReporter -->
<testsuite ignored="0" hostname="LAPTOP-AADHNP75" failures="2" tests="2" name="ChromeTest" time="5.335" errors="0" timestamp="30 Jul 2024 11:53:23 GMT">
  <testcase classname="testCases.TC003_LoginTest" name="verifyLogin" time="2.249">
    <failure type="java.lang.AssertionError" message="expected [false] but found [true]">
      <![CDATA[java.lang.AssertionError: expected [false] but found [true]
at testCases.TC003_LoginTest.verifyLogin(TC003_LoginTest.java:23)
... Removed 31 stack frames]]>
    </failure>
  </testcase> <!-- verifyLogin -->
  <testcase classname="testCases.TC003_LoginTest" name="verifyLogin" time="2.272">
    <failure type="java.lang.NullPointerException" message="Cannot invoke &amp;quot;org.openqa.selenium.TakesScreenshot.getScreenshotAs(org.openqa.selenium.OutputType)&amp;quot; because &amp;quot;takesScreenshot&amp;quot; is null">
      <![CDATA[java.lang.NullPointerException: Cannot invoke "org.openqa.selenium.TakesScreenshot.getScreenshotAs(org.openqa.selenium.OutputType)" because "takesScreenshot" is null
at testBase.BaseTest.captureScreen(BaseTest.java:58)
at utilities.ExtentReportManager.onTestFailure(ExtentReportManager.java:83)
... Removed 22 stack frames]]>
    </failure>
  </testcase> <!-- verifyLogin -->
</testsuite> <!-- ChromeTest -->
